Using pre-set license
Built from '2020.3/staging' branch; Version is '2020.3.14f1 (d0d1bb862f9d) revision 13685179'; Using compiler version '192528614'; Build Type 'Release'
OS: 'Windows 10 Home; OS build 19044.1526; Version 2009; 64bit' Language: 'en' Physical Memory: 16259 MB
BatchMode: 1, IsHumanControllingUs: 0, StartBugReporterOnCrash: 0, Is64bit: 1, IsPro: 0

 COMMAND LINE ARGUMENTS:
D:\Programming\Unity Projects\2020.3.14f1\Editor\Unity.exe
-adb2
-batchMode
-noUpm
-name
AssetImportWorker0
-projectPath
D:/Programming/Github Projects/Inventory-System/Inventory_System_Diablo_Like
-logFile
Logs/AssetImportWorker0.log
-srvPort
53896
Successfully changed project path to: D:/Programming/Github Projects/Inventory-System/Inventory_System_Diablo_Like
D:/Programming/Github Projects/Inventory-System/Inventory_System_Diablo_Like
Using Asset Import Pipeline V2.
Refreshing native plugins compatible for Editor in 37.63 ms, found 2 plugins.
Preloading 0 native plugins for Editor in 0.00 ms.
Initialize engine version: 2020.3.14f1 (d0d1bb862f9d)
[Subsystems] Discovering subsystems at path D:/Programming/Unity Projects/2020.3.14f1/Editor/Data/Resources/UnitySubsystems
[Subsystems] Discovering subsystems at path D:/Programming/Github Projects/Inventory-System/Inventory_System_Diablo_Like/Assets
GfxDevice: creating device client; threaded=0
Direct3D:
    Version:  Direct3D 11.0 [level 11.1]
    Renderer: NVIDIA GeForce GTX 1060 (ID=0x1c20)
    Vendor:   
    VRAM:     6052 MB
    Driver:   30.0.15.1123
Initialize mono
Mono path[0] = 'D:/Programming/Unity Projects/2020.3.14f1/Editor/Data/Managed'
Mono path[1] = 'D:/Programming/Unity Projects/2020.3.14f1/Editor/Data/MonoBleedingEdge/lib/mono/unityjit'
Mono config path = 'D:/Programming/Unity Projects/2020.3.14f1/Editor/Data/MonoBleedingEdge/etc'
Using monoOptions --debugger-agent=transport=dt_socket,embedding=1,server=y,suspend=n,address=127.0.0.1:56648
Begin MonoManager ReloadAssembly
Registering precompiled unity dll's ...
Register platform support module: D:/Programming/Unity Projects/2020.3.14f1/Editor/Data/PlaybackEngines/WebGLSupport/UnityEditor.WebGL.Extensions.dll
Register platform support module: D:/Programming/Unity Projects/2020.3.14f1/Editor/Data/PlaybackEngines/WindowsStandaloneSupport/UnityEditor.WindowsStandalone.Extensions.dll
Registered in 0.001722 seconds.
Native extension for WindowsStandalone target not found
Native extension for WebGL target not found
Refreshing native plugins compatible for Editor in 34.74 ms, found 2 plugins.
Preloading 0 native plugins for Editor in 0.00 ms.
Mono: successfully reloaded assembly
- Completed reload, in  1.918 seconds
Domain Reload Profiling:
	ReloadAssembly (1918ms)
		BeginReloadAssembly (70ms)
			ExecutionOrderSort (0ms)
			DisableScriptedObjects (0ms)
			BackupInstance (0ms)
			ReleaseScriptingObjects (0ms)
			CreateAndSetChildDomain (1ms)
		EndReloadAssembly (639ms)
			LoadAssemblies (69ms)
			RebuildTransferFunctionScriptingTraits (0ms)
			SetupTypeCache (267ms)
			ReleaseScriptCaches (0ms)
			RebuildScriptCaches (49ms)
			SetupLoadedEditorAssemblies (216ms)
				LogAssemblyErrors (0ms)
				InitializePlatformSupportModulesInManaged (5ms)
				SetLoadedEditorAssemblies (0ms)
				RefreshPlugins (35ms)
				BeforeProcessingInitializeOnLoad (17ms)
				ProcessInitializeOnLoadAttributes (115ms)
				ProcessInitializeOnLoadMethodAttributes (43ms)
				AfterProcessingInitializeOnLoad (0ms)
				EditorAssembliesLoaded (0ms)
			ExecutionOrderSort2 (0ms)
			AwakeInstancesAfterBackupRestoration (0ms)
Platform modules already initialized, skipping
Registering precompiled user dll's ...
Registered in 0.004152 seconds.
Begin MonoManager ReloadAssembly
Native extension for WindowsStandalone target not found
Native extension for WebGL target not found
Refreshing native plugins compatible for Editor in 0.42 ms, found 2 plugins.
Preloading 0 native plugins for Editor in 0.00 ms.
Mono: successfully reloaded assembly
- Completed reload, in  1.523 seconds
Domain Reload Profiling:
	ReloadAssembly (1524ms)
		BeginReloadAssembly (171ms)
			ExecutionOrderSort (0ms)
			DisableScriptedObjects (5ms)
			BackupInstance (0ms)
			ReleaseScriptingObjects (0ms)
			CreateAndSetChildDomain (21ms)
		EndReloadAssembly (1279ms)
			LoadAssemblies (105ms)
			RebuildTransferFunctionScriptingTraits (0ms)
			SetupTypeCache (409ms)
			ReleaseScriptCaches (0ms)
			RebuildScriptCaches (70ms)
			SetupLoadedEditorAssemblies (481ms)
				LogAssemblyErrors (0ms)
				InitializePlatformSupportModulesInManaged (7ms)
				SetLoadedEditorAssemblies (1ms)
				RefreshPlugins (1ms)
				BeforeProcessingInitializeOnLoad (137ms)
				ProcessInitializeOnLoadAttributes (323ms)
				ProcessInitializeOnLoadMethodAttributes (9ms)
				AfterProcessingInitializeOnLoad (4ms)
				EditorAssembliesLoaded (0ms)
			ExecutionOrderSort2 (0ms)
			AwakeInstancesAfterBackupRestoration (10ms)
Platform modules already initialized, skipping
========================================================================
Worker process is ready to serve import requests
Launched and connected shader compiler UnityShaderCompiler.exe after 0.12 seconds
Refreshing native plugins compatible for Editor in 0.55 ms, found 2 plugins.
Preloading 0 native plugins for Editor in 0.00 ms.
Unloading 1364 Unused Serialized files (Serialized files now loaded: 0)
System memory in use before: 64.7 MB.
System memory in use after: 64.7 MB.

Unloading 18 unused Assets to reduce memory usage. Loaded Objects now: 1797.
Total: 2.732700 ms (FindLiveObjects: 0.207900 ms CreateObjectMapping: 0.067800 ms MarkObjects: 2.251900 ms  DeleteObjects: 0.203600 ms)

AssetImportParameters requested are different than current active one (requested -> active):
  custom:framework-win-MediaFoundation: 216162199b28c13a410421893ffa2e32 -> 
  custom:video-decoder-ogg-theora: a1e56fd34408186e4bbccfd4996cb3dc -> 
  custom:container-muxer-webm: aa71ff27fc2769a1b78a27578f13a17b -> 
  custom:container-demuxer-webm: 4f35f7cbe854078d1ac9338744f61a02 -> 
  custom:container-demuxer-ogg: 62fdf1f143b41e24485cea50d1cbac27 -> 
  custom:video-encoder-webm-vp8: eb34c28f22e8b96e1ab97ce403110664 -> 
  custom:video-codec-MediaFoundation-h265: 746d11721c4dcdbdad8f713fa42b33f4 -> 
  custom:video-decoder-webm-vp8: 9c59270c3fd7afecdb556c50c9e8de78 -> 
  custom:audio-decoder-ogg-vorbis: bf7c407c2cedff20999df2af8eb42d56 -> 
  custom:audio-encoder-webm-vorbis: bf7c407c2cedff20999df2af8eb42d56 -> 
========================================================================
Received Import Request.
  path: Assets/Scripts/Infastructure/PlayerModelProvider.cs
  artifactKey: Guid(584654c40ff608748907ea1b499334e8) Importer(815301076,1909f56bfc062723c751e8b465ee728b)
Start importing Assets/Scripts/Infastructure/PlayerModelProvider.cs using Guid(584654c40ff608748907ea1b499334e8) Importer(815301076,1909f56bfc062723c751e8b465ee728b)  -> (artifact id: '3cfb2eb5e0c6a4e4dd8a30caa4bdced5') in 0.053841 seconds 
  Import took 0.057415 seconds .

========================================================================
Received Prepare
Registering precompiled user dll's ...
Registered in 0.003798 seconds.
Begin MonoManager ReloadAssembly
Native extension for WindowsStandalone target not found
Native extension for WebGL target not found
Refreshing native plugins compatible for Editor in 0.70 ms, found 2 plugins.
Preloading 0 native plugins for Editor in 0.00 ms.
Mono: successfully reloaded assembly
- Completed reload, in  1.358 seconds
Domain Reload Profiling:
	ReloadAssembly (1358ms)
		BeginReloadAssembly (126ms)
			ExecutionOrderSort (0ms)
			DisableScriptedObjects (6ms)
			BackupInstance (0ms)
			ReleaseScriptingObjects (0ms)
			CreateAndSetChildDomain (36ms)
		EndReloadAssembly (1159ms)
			LoadAssemblies (107ms)
			RebuildTransferFunctionScriptingTraits (0ms)
			SetupTypeCache (399ms)
			ReleaseScriptCaches (1ms)
			RebuildScriptCaches (43ms)
			SetupLoadedEditorAssemblies (414ms)
				LogAssemblyErrors (0ms)
				InitializePlatformSupportModulesInManaged (15ms)
				SetLoadedEditorAssemblies (1ms)
				RefreshPlugins (1ms)
				BeforeProcessingInitializeOnLoad (131ms)
				ProcessInitializeOnLoadAttributes (256ms)
				ProcessInitializeOnLoadMethodAttributes (6ms)
				AfterProcessingInitializeOnLoad (4ms)
				EditorAssembliesLoaded (0ms)
			ExecutionOrderSort2 (0ms)
			AwakeInstancesAfterBackupRestoration (10ms)
Platform modules already initialized, skipping
Refreshing native plugins compatible for Editor in 0.41 ms, found 2 plugins.
Preloading 0 native plugins for Editor in 0.00 ms.
Unloading 1360 Unused Serialized files (Serialized files now loaded: 0)
System memory in use before: 64.6 MB.
System memory in use after: 64.7 MB.

Unloading 14 unused Assets to reduce memory usage. Loaded Objects now: 1801.
Total: 2.539500 ms (FindLiveObjects: 0.142700 ms CreateObjectMapping: 0.044700 ms MarkObjects: 2.243700 ms  DeleteObjects: 0.107000 ms)

AssetImportParameters requested are different than current active one (requested -> active):
  custom:framework-win-MediaFoundation: 216162199b28c13a410421893ffa2e32 -> 
  custom:video-decoder-ogg-theora: a1e56fd34408186e4bbccfd4996cb3dc -> 
  custom:container-muxer-webm: aa71ff27fc2769a1b78a27578f13a17b -> 
  custom:container-demuxer-webm: 4f35f7cbe854078d1ac9338744f61a02 -> 
  custom:container-demuxer-ogg: 62fdf1f143b41e24485cea50d1cbac27 -> 
  custom:video-encoder-webm-vp8: eb34c28f22e8b96e1ab97ce403110664 -> 
  custom:video-codec-MediaFoundation-h265: 746d11721c4dcdbdad8f713fa42b33f4 -> 
  custom:video-decoder-webm-vp8: 9c59270c3fd7afecdb556c50c9e8de78 -> 
  custom:audio-decoder-ogg-vorbis: bf7c407c2cedff20999df2af8eb42d56 -> 
  custom:audio-encoder-webm-vorbis: bf7c407c2cedff20999df2af8eb42d56 -> 
========================================================================
Received Prepare
Registering precompiled user dll's ...
Registered in 0.004286 seconds.
Begin MonoManager ReloadAssembly
Native extension for WindowsStandalone target not found
Native extension for WebGL target not found
Refreshing native plugins compatible for Editor in 0.80 ms, found 2 plugins.
Preloading 0 native plugins for Editor in 0.00 ms.
Mono: successfully reloaded assembly
- Completed reload, in  1.411 seconds
Domain Reload Profiling:
	ReloadAssembly (1412ms)
		BeginReloadAssembly (165ms)
			ExecutionOrderSort (0ms)
			DisableScriptedObjects (5ms)
			BackupInstance (0ms)
			ReleaseScriptingObjects (0ms)
			CreateAndSetChildDomain (49ms)
		EndReloadAssembly (1162ms)
			LoadAssemblies (129ms)
			RebuildTransferFunctionScriptingTraits (0ms)
			SetupTypeCache (456ms)
			ReleaseScriptCaches (1ms)
			RebuildScriptCaches (46ms)
			SetupLoadedEditorAssemblies (429ms)
				LogAssemblyErrors (0ms)
				InitializePlatformSupportModulesInManaged (9ms)
				SetLoadedEditorAssemblies (1ms)
				RefreshPlugins (1ms)
				BeforeProcessingInitializeOnLoad (128ms)
				ProcessInitializeOnLoadAttributes (282ms)
				ProcessInitializeOnLoadMethodAttributes (5ms)
				AfterProcessingInitializeOnLoad (3ms)
				EditorAssembliesLoaded (0ms)
			ExecutionOrderSort2 (0ms)
			AwakeInstancesAfterBackupRestoration (8ms)
Platform modules already initialized, skipping
Refreshing native plugins compatible for Editor in 0.57 ms, found 2 plugins.
Preloading 0 native plugins for Editor in 0.00 ms.
Unloading 1361 Unused Serialized files (Serialized files now loaded: 0)
System memory in use before: 64.6 MB.
System memory in use after: 64.7 MB.

Unloading 14 unused Assets to reduce memory usage. Loaded Objects now: 1805.
Total: 2.718900 ms (FindLiveObjects: 0.207800 ms CreateObjectMapping: 0.042800 ms MarkObjects: 2.391700 ms  DeleteObjects: 0.075100 ms)

AssetImportParameters requested are different than current active one (requested -> active):
  custom:framework-win-MediaFoundation: 216162199b28c13a410421893ffa2e32 -> 
  custom:video-decoder-ogg-theora: a1e56fd34408186e4bbccfd4996cb3dc -> 
  custom:container-muxer-webm: aa71ff27fc2769a1b78a27578f13a17b -> 
  custom:container-demuxer-webm: 4f35f7cbe854078d1ac9338744f61a02 -> 
  custom:container-demuxer-ogg: 62fdf1f143b41e24485cea50d1cbac27 -> 
  custom:video-encoder-webm-vp8: eb34c28f22e8b96e1ab97ce403110664 -> 
  custom:video-codec-MediaFoundation-h265: 746d11721c4dcdbdad8f713fa42b33f4 -> 
  custom:video-decoder-webm-vp8: 9c59270c3fd7afecdb556c50c9e8de78 -> 
  custom:audio-decoder-ogg-vorbis: bf7c407c2cedff20999df2af8eb42d56 -> 
  custom:audio-encoder-webm-vorbis: bf7c407c2cedff20999df2af8eb42d56 -> 
========================================================================
Received Import Request.
  Time since last request: 1680.911645 seconds.
  path: Assets/GameModels
  artifactKey: Guid(55b5b38c98732834889f607e75c3da20) Importer(815301076,1909f56bfc062723c751e8b465ee728b)
Start importing Assets/GameModels using Guid(55b5b38c98732834889f607e75c3da20) Importer(815301076,1909f56bfc062723c751e8b465ee728b)  -> (artifact id: '9b93e7f1330fef619fecd5208d85e559') in 0.011682 seconds 
  Import took 0.014952 seconds .

========================================================================
Received Import Request.
  Time since last request: 7.918778 seconds.
  path: Assets/Game Models
  artifactKey: Guid(55b5b38c98732834889f607e75c3da20) Importer(815301076,1909f56bfc062723c751e8b465ee728b)
Start importing Assets/Game Models using Guid(55b5b38c98732834889f607e75c3da20) Importer(815301076,1909f56bfc062723c751e8b465ee728b)  -> (artifact id: '90b4c6ec4e00ece5a5f7f6c9d438d785') in 0.012139 seconds 
  Import took 0.015716 seconds .

========================================================================
Received Prepare
Registering precompiled user dll's ...
Registered in 0.003720 seconds.
Begin MonoManager ReloadAssembly
Native extension for WindowsStandalone target not found
Native extension for WebGL target not found
Refreshing native plugins compatible for Editor in 0.51 ms, found 2 plugins.
Preloading 0 native plugins for Editor in 0.00 ms.
Mono: successfully reloaded assembly
- Completed reload, in  1.199 seconds
Domain Reload Profiling:
	ReloadAssembly (1200ms)
		BeginReloadAssembly (131ms)
			ExecutionOrderSort (0ms)
			DisableScriptedObjects (5ms)
			BackupInstance (0ms)
			ReleaseScriptingObjects (0ms)
			CreateAndSetChildDomain (44ms)
		EndReloadAssembly (978ms)
			LoadAssemblies (108ms)
			RebuildTransferFunctionScriptingTraits (0ms)
			SetupTypeCache (368ms)
			ReleaseScriptCaches (1ms)
			RebuildScriptCaches (48ms)
			SetupLoadedEditorAssemblies (342ms)
				LogAssemblyErrors (0ms)
				InitializePlatformSupportModulesInManaged (6ms)
				SetLoadedEditorAssemblies (1ms)
				RefreshPlugins (1ms)
				BeforeProcessingInitializeOnLoad (111ms)
				ProcessInitializeOnLoadAttributes (217ms)
				ProcessInitializeOnLoadMethodAttributes (4ms)
				AfterProcessingInitializeOnLoad (3ms)
				EditorAssembliesLoaded (0ms)
			ExecutionOrderSort2 (0ms)
			AwakeInstancesAfterBackupRestoration (7ms)
Platform modules already initialized, skipping
Refreshing native plugins compatible for Editor in 0.38 ms, found 2 plugins.
Preloading 0 native plugins for Editor in 0.00 ms.
Unloading 1361 Unused Serialized files (Serialized files now loaded: 0)
System memory in use before: 64.7 MB.
System memory in use after: 64.7 MB.

Unloading 14 unused Assets to reduce memory usage. Loaded Objects now: 1808.
Total: 3.379600 ms (FindLiveObjects: 0.365200 ms CreateObjectMapping: 0.110900 ms MarkObjects: 2.842400 ms  DeleteObjects: 0.059500 ms)

AssetImportParameters requested are different than current active one (requested -> active):
  custom:framework-win-MediaFoundation: 216162199b28c13a410421893ffa2e32 -> 
  custom:video-decoder-ogg-theora: a1e56fd34408186e4bbccfd4996cb3dc -> 
  custom:container-muxer-webm: aa71ff27fc2769a1b78a27578f13a17b -> 
  custom:container-demuxer-webm: 4f35f7cbe854078d1ac9338744f61a02 -> 
  custom:container-demuxer-ogg: 62fdf1f143b41e24485cea50d1cbac27 -> 
  custom:video-encoder-webm-vp8: eb34c28f22e8b96e1ab97ce403110664 -> 
  custom:video-codec-MediaFoundation-h265: 746d11721c4dcdbdad8f713fa42b33f4 -> 
  custom:video-decoder-webm-vp8: 9c59270c3fd7afecdb556c50c9e8de78 -> 
  custom:audio-decoder-ogg-vorbis: bf7c407c2cedff20999df2af8eb42d56 -> 
  custom:audio-encoder-webm-vorbis: bf7c407c2cedff20999df2af8eb42d56 -> 
========================================================================
Received Import Request.
  Time since last request: 64.103392 seconds.
  path: Assets/Resources
  artifactKey: Guid(add1136f1a0309545a10eec3474a8338) Importer(815301076,1909f56bfc062723c751e8b465ee728b)
Start importing Assets/Resources using Guid(add1136f1a0309545a10eec3474a8338) Importer(815301076,1909f56bfc062723c751e8b465ee728b)  -> (artifact id: '2d82e7b621bf0a3a4f153a40c663b900') in 0.011737 seconds 
  Import took 0.014632 seconds .

========================================================================
Received Prepare
Registering precompiled user dll's ...
Registered in 0.005465 seconds.
Begin MonoManager ReloadAssembly
Native extension for WindowsStandalone target not found
Native extension for WebGL target not found
Refreshing native plugins compatible for Editor in 0.36 ms, found 2 plugins.
Preloading 0 native plugins for Editor in 0.00 ms.
Mono: successfully reloaded assembly
- Completed reload, in  1.262 seconds
Domain Reload Profiling:
	ReloadAssembly (1263ms)
		BeginReloadAssembly (148ms)
			ExecutionOrderSort (0ms)
			DisableScriptedObjects (7ms)
			BackupInstance (0ms)
			ReleaseScriptingObjects (0ms)
			CreateAndSetChildDomain (40ms)
		EndReloadAssembly (1034ms)
			LoadAssemblies (128ms)
			RebuildTransferFunctionScriptingTraits (0ms)
			SetupTypeCache (406ms)
			ReleaseScriptCaches (1ms)
			RebuildScriptCaches (50ms)
			SetupLoadedEditorAssemblies (342ms)
				LogAssemblyErrors (0ms)
				InitializePlatformSupportModulesInManaged (8ms)
				SetLoadedEditorAssemblies (0ms)
				RefreshPlugins (0ms)
				BeforeProcessingInitializeOnLoad (100ms)
				ProcessInitializeOnLoadAttributes (226ms)
				ProcessInitializeOnLoadMethodAttributes (4ms)
				AfterProcessingInitializeOnLoad (3ms)
				EditorAssembliesLoaded (0ms)
			ExecutionOrderSort2 (0ms)
			AwakeInstancesAfterBackupRestoration (7ms)
Platform modules already initialized, skipping
Refreshing native plugins compatible for Editor in 0.36 ms, found 2 plugins.
Preloading 0 native plugins for Editor in 0.00 ms.
Unloading 1361 Unused Serialized files (Serialized files now loaded: 0)
System memory in use before: 64.7 MB.
System memory in use after: 64.7 MB.

Unloading 14 unused Assets to reduce memory usage. Loaded Objects now: 1811.
Total: 2.603300 ms (FindLiveObjects: 0.142700 ms CreateObjectMapping: 0.038100 ms MarkObjects: 2.310200 ms  DeleteObjects: 0.111300 ms)

AssetImportParameters requested are different than current active one (requested -> active):
  custom:framework-win-MediaFoundation: 216162199b28c13a410421893ffa2e32 -> 
  custom:video-decoder-ogg-theora: a1e56fd34408186e4bbccfd4996cb3dc -> 
  custom:container-muxer-webm: aa71ff27fc2769a1b78a27578f13a17b -> 
  custom:container-demuxer-webm: 4f35f7cbe854078d1ac9338744f61a02 -> 
  custom:container-demuxer-ogg: 62fdf1f143b41e24485cea50d1cbac27 -> 
  custom:video-encoder-webm-vp8: eb34c28f22e8b96e1ab97ce403110664 -> 
  custom:video-codec-MediaFoundation-h265: 746d11721c4dcdbdad8f713fa42b33f4 -> 
  custom:video-decoder-webm-vp8: 9c59270c3fd7afecdb556c50c9e8de78 -> 
  custom:audio-decoder-ogg-vorbis: bf7c407c2cedff20999df2af8eb42d56 -> 
  custom:audio-encoder-webm-vorbis: bf7c407c2cedff20999df2af8eb42d56 -> 
========================================================================
Received Prepare
Registering precompiled user dll's ...
Registered in 0.005703 seconds.
Begin MonoManager ReloadAssembly
Native extension for WindowsStandalone target not found
Native extension for WebGL target not found
Refreshing native plugins compatible for Editor in 0.37 ms, found 2 plugins.
Preloading 0 native plugins for Editor in 0.00 ms.
Mono: successfully reloaded assembly
- Completed reload, in  1.228 seconds
Domain Reload Profiling:
	ReloadAssembly (1229ms)
		BeginReloadAssembly (141ms)
			ExecutionOrderSort (0ms)
			DisableScriptedObjects (6ms)
			BackupInstance (0ms)
			ReleaseScriptingObjects (0ms)
			CreateAndSetChildDomain (38ms)
		EndReloadAssembly (1011ms)
			LoadAssemblies (111ms)
			RebuildTransferFunctionScriptingTraits (0ms)
			SetupTypeCache (383ms)
			ReleaseScriptCaches (1ms)
			RebuildScriptCaches (53ms)
			SetupLoadedEditorAssemblies (345ms)
				LogAssemblyErrors (0ms)
				InitializePlatformSupportModulesInManaged (8ms)
				SetLoadedEditorAssemblies (0ms)
				RefreshPlugins (0ms)
				BeforeProcessingInitializeOnLoad (95ms)
				ProcessInitializeOnLoadAttributes (233ms)
				ProcessInitializeOnLoadMethodAttributes (4ms)
				AfterProcessingInitializeOnLoad (3ms)
				EditorAssembliesLoaded (0ms)
			ExecutionOrderSort2 (0ms)
			AwakeInstancesAfterBackupRestoration (7ms)
Platform modules already initialized, skipping
Refreshing native plugins compatible for Editor in 0.36 ms, found 2 plugins.
Preloading 0 native plugins for Editor in 0.00 ms.
Unloading 1361 Unused Serialized files (Serialized files now loaded: 0)
System memory in use before: 64.7 MB.
System memory in use after: 64.8 MB.

Unloading 14 unused Assets to reduce memory usage. Loaded Objects now: 1814.
Total: 2.814600 ms (FindLiveObjects: 0.149200 ms CreateObjectMapping: 0.042800 ms MarkObjects: 2.527300 ms  DeleteObjects: 0.094500 ms)

AssetImportParameters requested are different than current active one (requested -> active):
  custom:framework-win-MediaFoundation: 216162199b28c13a410421893ffa2e32 -> 
  custom:video-decoder-ogg-theora: a1e56fd34408186e4bbccfd4996cb3dc -> 
  custom:container-muxer-webm: aa71ff27fc2769a1b78a27578f13a17b -> 
  custom:container-demuxer-webm: 4f35f7cbe854078d1ac9338744f61a02 -> 
  custom:container-demuxer-ogg: 62fdf1f143b41e24485cea50d1cbac27 -> 
  custom:video-encoder-webm-vp8: eb34c28f22e8b96e1ab97ce403110664 -> 
  custom:video-codec-MediaFoundation-h265: 746d11721c4dcdbdad8f713fa42b33f4 -> 
  custom:video-decoder-webm-vp8: 9c59270c3fd7afecdb556c50c9e8de78 -> 
  custom:audio-decoder-ogg-vorbis: bf7c407c2cedff20999df2af8eb42d56 -> 
  custom:audio-encoder-webm-vorbis: bf7c407c2cedff20999df2af8eb42d56 -> 
========================================================================
Received Import Request.
  Time since last request: 78.135499 seconds.
  path: Assets/Game Models/Helmet.asset
  artifactKey: Guid(b8fe0ea083f7ef6448a04384ce6b0409) Importer(815301076,1909f56bfc062723c751e8b465ee728b)
Start importing Assets/Game Models/Helmet.asset using Guid(b8fe0ea083f7ef6448a04384ce6b0409) Importer(815301076,1909f56bfc062723c751e8b465ee728b)  -> (artifact id: 'be0c7eaf259186c691c2e53221d1b743') in 0.034545 seconds 
  Import took 0.043641 seconds .

========================================================================
Received Import Request.
  Time since last request: 33.531828 seconds.
  path: Assets/Game Models/Item Model.asset
  artifactKey: Guid(6ad7ed1de7d499e4f9f2981b18967462) Importer(815301076,1909f56bfc062723c751e8b465ee728b)
Start importing Assets/Game Models/Item Model.asset using Guid(6ad7ed1de7d499e4f9f2981b18967462) Importer(815301076,1909f56bfc062723c751e8b465ee728b)  -> (artifact id: 'd1959974abd952fe591e6d9b23acdabc') in 0.014130 seconds 
  Import took 0.016982 seconds .

========================================================================
Received Import Request.
  Time since last request: 0.009697 seconds.
  path: Assets/Game Models/Item Model.asset
  artifactKey: Guid(6ad7ed1de7d499e4f9f2981b18967462) Importer(815301076,1909f56bfc062723c751e8b465ee728b)
Start importing Assets/Game Models/Item Model.asset using Guid(6ad7ed1de7d499e4f9f2981b18967462) Importer(815301076,1909f56bfc062723c751e8b465ee728b)  -> (artifact id: 'd1959974abd952fe591e6d9b23acdabc') in 0.005221 seconds 
  Import took 0.008550 seconds .

========================================================================
Received Import Request.
  Time since last request: 5.403354 seconds.
  path: Assets/Game Models/Armour.asset
  artifactKey: Guid(6ad7ed1de7d499e4f9f2981b18967462) Importer(815301076,1909f56bfc062723c751e8b465ee728b)
Start importing Assets/Game Models/Armour.asset using Guid(6ad7ed1de7d499e4f9f2981b18967462) Importer(815301076,1909f56bfc062723c751e8b465ee728b)  -> (artifact id: '2245a7bf58a3fb1ed8d2dc3267558f85') in 0.010024 seconds 
  Import took 0.013501 seconds .

========================================================================
Received Import Request.
  Time since last request: 14.855321 seconds.
  path: Assets/Game Models/Boots.asset
  artifactKey: Guid(541d83d8def8b1a40bb00cb2836e6d93) Importer(815301076,1909f56bfc062723c751e8b465ee728b)
Start importing Assets/Game Models/Boots.asset using Guid(541d83d8def8b1a40bb00cb2836e6d93) Importer(815301076,1909f56bfc062723c751e8b465ee728b)  -> (artifact id: '167a1ad30031e67810092dc40fa0c5a2') in 0.012860 seconds 
  Import took 0.015706 seconds .

========================================================================
Received Import Request.
  Time since last request: 0.005675 seconds.
  path: Assets/Game Models/Boots.asset
  artifactKey: Guid(541d83d8def8b1a40bb00cb2836e6d93) Importer(815301076,1909f56bfc062723c751e8b465ee728b)
Start importing Assets/Game Models/Boots.asset using Guid(541d83d8def8b1a40bb00cb2836e6d93) Importer(815301076,1909f56bfc062723c751e8b465ee728b)  -> (artifact id: '167a1ad30031e67810092dc40fa0c5a2') in 0.005366 seconds 
  Import took 0.008099 seconds .

========================================================================
Received Import Request.
  Time since last request: 20.337280 seconds.
  path: Assets/Game Models/Belt.asset
  artifactKey: Guid(63400682ea4594a45a700735bba3070e) Importer(815301076,1909f56bfc062723c751e8b465ee728b)
Start importing Assets/Game Models/Belt.asset using Guid(63400682ea4594a45a700735bba3070e) Importer(815301076,1909f56bfc062723c751e8b465ee728b)  -> (artifact id: '86b1ae8a0f2afc385c7a1948c90017c9') in 0.010498 seconds 
  Import took 0.013643 seconds .

========================================================================
Received Import Request.
  Time since last request: 0.008209 seconds.
  path: Assets/Game Models/Belt.asset
  artifactKey: Guid(63400682ea4594a45a700735bba3070e) Importer(815301076,1909f56bfc062723c751e8b465ee728b)
Start importing Assets/Game Models/Belt.asset using Guid(63400682ea4594a45a700735bba3070e) Importer(815301076,1909f56bfc062723c751e8b465ee728b)  -> (artifact id: '86b1ae8a0f2afc385c7a1948c90017c9') in 0.043972 seconds 
  Import took 0.046825 seconds .

========================================================================
Received Import Request.
  Time since last request: 5.501923 seconds.
  path: Assets/Game Models/Belt.asset
  artifactKey: Guid(63400682ea4594a45a700735bba3070e) Importer(815301076,1909f56bfc062723c751e8b465ee728b)
Start importing Assets/Game Models/Belt.asset using Guid(63400682ea4594a45a700735bba3070e) Importer(815301076,1909f56bfc062723c751e8b465ee728b)  -> (artifact id: '097ef07c5a3da8786461d305c5f01fe9') in 0.003266 seconds 
  Import took 0.006508 seconds .

========================================================================
Received Import Request.
  Time since last request: 17.623050 seconds.
  path: Assets/Game Models/Gloves.asset
  artifactKey: Guid(ea9ac56502be5c245969af13d3bec7c1) Importer(815301076,1909f56bfc062723c751e8b465ee728b)
Start importing Assets/Game Models/Gloves.asset using Guid(ea9ac56502be5c245969af13d3bec7c1) Importer(815301076,1909f56bfc062723c751e8b465ee728b)  -> (artifact id: '30ef8534f14fad3a078c1d56f3a879b2') in 0.010306 seconds 
  Import took 0.013492 seconds .

========================================================================
Received Import Request.
  Time since last request: 0.009110 seconds.
  path: Assets/Game Models/Gloves.asset
  artifactKey: Guid(ea9ac56502be5c245969af13d3bec7c1) Importer(815301076,1909f56bfc062723c751e8b465ee728b)
Start importing Assets/Game Models/Gloves.asset using Guid(ea9ac56502be5c245969af13d3bec7c1) Importer(815301076,1909f56bfc062723c751e8b465ee728b)  -> (artifact id: '30ef8534f14fad3a078c1d56f3a879b2') in 0.003048 seconds 
  Import took 0.005993 seconds .

========================================================================
Received Import Request.
  Time since last request: 9.080897 seconds.
  path: Assets/Game Models/Gloves.asset
  artifactKey: Guid(ea9ac56502be5c245969af13d3bec7c1) Importer(815301076,1909f56bfc062723c751e8b465ee728b)
Start importing Assets/Game Models/Gloves.asset using Guid(ea9ac56502be5c245969af13d3bec7c1) Importer(815301076,1909f56bfc062723c751e8b465ee728b)  -> (artifact id: '531ea72eb43504ad52576d5c407a0127') in 0.003626 seconds 
  Import took 0.015804 seconds .

========================================================================
Received Import Request.
  Time since last request: 3.292842 seconds.
  path: Assets/Game Models/New Folder
  artifactKey: Guid(13f2469823f683444bf3b4d13ab62809) Importer(815301076,1909f56bfc062723c751e8b465ee728b)
Start importing Assets/Game Models/New Folder using Guid(13f2469823f683444bf3b4d13ab62809) Importer(815301076,1909f56bfc062723c751e8b465ee728b)  -> (artifact id: '61059f83c8c34c1a7af5b5166220848a') in 0.008648 seconds 
  Import took 0.012359 seconds .

========================================================================
Received Import Request.
  Time since last request: 10.470022 seconds.
  path: Assets/Game Models/Sword.asset
  artifactKey: Guid(e504813425d614d42ae683f595a9aab1) Importer(815301076,1909f56bfc062723c751e8b465ee728b)
Start importing Assets/Game Models/Sword.asset using Guid(e504813425d614d42ae683f595a9aab1) Importer(815301076,1909f56bfc062723c751e8b465ee728b)  -> (artifact id: '598cb8e82a50af69a0455a5c7983e206') in 0.014065 seconds 
  Import took 0.017742 seconds .

========================================================================
Received Import Request.
  Time since last request: 0.014258 seconds.
  path: Assets/Game Models/Sword.asset
  artifactKey: Guid(e504813425d614d42ae683f595a9aab1) Importer(815301076,1909f56bfc062723c751e8b465ee728b)
Start importing Assets/Game Models/Sword.asset using Guid(e504813425d614d42ae683f595a9aab1) Importer(815301076,1909f56bfc062723c751e8b465ee728b)  -> (artifact id: '598cb8e82a50af69a0455a5c7983e206') in 0.036432 seconds 
  Import took 0.039965 seconds .

========================================================================
Received Import Request.
  Time since last request: 22.327146 seconds.
  path: Assets/Game Models/Item Model.asset
  artifactKey: Guid(8230eb5f822a5764ab64c4b39a014637) Importer(815301076,1909f56bfc062723c751e8b465ee728b)
Start importing Assets/Game Models/Item Model.asset using Guid(8230eb5f822a5764ab64c4b39a014637) Importer(815301076,1909f56bfc062723c751e8b465ee728b)  -> (artifact id: '9f9cee6f2d3d6e3a27a905f8f2e1e6e5') in 0.002806 seconds 
  Import took 0.005254 seconds .

========================================================================
Received Import Request.
  Time since last request: 4.591550 seconds.
  path: Assets/Game Models/Belt.asset
  artifactKey: Guid(63400682ea4594a45a700735bba3070e) Importer(815301076,1909f56bfc062723c751e8b465ee728b)
Start importing Assets/Game Models/Belt.asset using Guid(63400682ea4594a45a700735bba3070e) Importer(815301076,1909f56bfc062723c751e8b465ee728b)  -> (artifact id: '4b86e1094e06e531f5ea29cbd91b478e') in 0.003451 seconds 
  Import took 0.064919 seconds .

AssetImportWorkerClient::OnTransportError - code=2 error=End of file
